Traceback (most recent call last):
  File "C:\Users\Rizal Maulana\kal\Lib\site-packages\jupyter_cache\executors\utils.py", line 58, in single_nb_execution
    executenb(
    ~~~~~~~~~^
        nb,
        ^^^
    ...<4 lines>...
        **kwargs,
        ^^^^^^^^^
    )
    ^
  File "C:\Users\Rizal Maulana\kal\Lib\site-packages\nbclient\client.py", line 1323, in execute
    return NotebookClient(nb=nb, resources=resources, km=km, **kwargs).execute()
           ~~~~~~~~~~~~~~~~~~~~~~~~~~~~~~~~~~~~~~~~~~~~~~~~~~~~~~~~~~~~~~~~~~~^^
  File "C:\Users\Rizal Maulana\kal\Lib\site-packages\jupyter_core\utils\__init__.py", line 165, in wrapped
    return loop.run_until_complete(inner)
           ~~~~~~~~~~~~~~~~~~~~~~~^^^^^^^
  File "C:\Program Files\WindowsApps\PythonSoftwareFoundation.Python.3.13_3.13.3312.0_x64__qbz5n2kfra8p0\Lib\asyncio\base_events.py", line 725, in run_until_complete
    return future.result()
           ~~~~~~~~~~~~~^^
  File "C:\Users\Rizal Maulana\kal\Lib\site-packages\nbclient\client.py", line 709, in async_execute
    await self.async_execute_cell(
        cell, index, execution_count=self.code_cells_executed + 1
    )
  File "C:\Users\Rizal Maulana\kal\Lib\site-packages\nbclient\client.py", line 1062, in async_execute_cell
    await self._check_raise_for_error(cell, cell_index, exec_reply)
  File "C:\Users\Rizal Maulana\kal\Lib\site-packages\nbclient\client.py", line 918, in _check_raise_for_error
    raise CellExecutionError.from_cell_and_msg(cell, exec_reply_content)
nbclient.exceptions.CellExecutionError: An error occurred while executing the following cell:
------------------
B = matrix(QQ, [[1, 2, 1, 8],
                [2, 1, -1, 1],
                [-1, 1, 2, 5]])

M = B

# Baris 1 - 2*Baris 0
M.add_multiple_of_row(1, 0, -2)

# Baris 2 + 1*Baris 0
M.add_multiple_of_row(2, 0, 1)

# Kalikan Baris 1 dengan -1/3
M.rescale_row(1, -1/3)

# Baris 2 - 3*Baris 1
M.add_multiple_of_row(2, 1, -3)

print("Hasil:")
print(M)
------------------


[31m---------------------------------------------------------------------------[39m
[31mNameError[39m                                 Traceback (most recent call last)
[36mCell[39m[36m [39m[32mIn[1][39m[32m, line 1[39m
[32m----> [39m[32m1[39m B = [43mmatrix[49m(QQ, [[[32m1[39m, [32m2[39m, [32m1[39m, [32m8[39m],
[32m      2[39m                 [[32m2[39m, [32m1[39m, -[32m1[39m, [32m1[39m],
[32m      3[39m                 [-[32m1[39m, [32m1[39m, [32m2[39m, [32m5[39m]])
[32m      5[39m M = B
[32m      7[39m [38;5;66;03m# Baris 1 - 2*Baris 0[39;00m

[31mNameError[39m: name 'matrix' is not defined

