Traceback (most recent call last):
  File "C:\Users\Rizal Maulana\kal\Lib\site-packages\jupyter_cache\executors\utils.py", line 58, in single_nb_execution
    executenb(
    ~~~~~~~~~^
        nb,
        ^^^
    ...<4 lines>...
        **kwargs,
        ^^^^^^^^^
    )
    ^
  File "C:\Users\Rizal Maulana\kal\Lib\site-packages\nbclient\client.py", line 1323, in execute
    return NotebookClient(nb=nb, resources=resources, km=km, **kwargs).execute()
           ~~~~~~~~~~~~~~~~~~~~~~~~~~~~~~~~~~~~~~~~~~~~~~~~~~~~~~~~~~~~~~~~~~~^^
  File "C:\Users\Rizal Maulana\kal\Lib\site-packages\jupyter_core\utils\__init__.py", line 165, in wrapped
    return loop.run_until_complete(inner)
           ~~~~~~~~~~~~~~~~~~~~~~~^^^^^^^
  File "C:\Program Files\WindowsApps\PythonSoftwareFoundation.Python.3.13_3.13.3312.0_x64__qbz5n2kfra8p0\Lib\asyncio\base_events.py", line 725, in run_until_complete
    return future.result()
           ~~~~~~~~~~~~~^^
  File "C:\Users\Rizal Maulana\kal\Lib\site-packages\nbclient\client.py", line 709, in async_execute
    await self.async_execute_cell(
        cell, index, execution_count=self.code_cells_executed + 1
    )
  File "C:\Users\Rizal Maulana\kal\Lib\site-packages\nbclient\client.py", line 1062, in async_execute_cell
    await self._check_raise_for_error(cell, cell_index, exec_reply)
  File "C:\Users\Rizal Maulana\kal\Lib\site-packages\nbclient\client.py", line 918, in _check_raise_for_error
    raise CellExecutionError.from_cell_and_msg(cell, exec_reply_content)
nbclient.exceptions.CellExecutionError: An error occurred while executing the following cell:
------------------
import sympy as sp
# Matriks = [[5, 1, 3], [2, -1, 4]]
A = sp.Matrix([[5, 1, 3],
              [2, -1, 4]])

print("Matriks Augmented Awal:")
display(A)

# 2. Lakukan OBE secara otomatis menggunakan rref
# rref: Reduced Row Echelon Form
solusi_matriks, pivot = A.rref()

print("\nMatriks setelah dilakukan OBE (RREF):")
display(solusi_matriks)

# 3. Ekstrak nilai x dan y
x_val = solusi_matriks[0, 2]
y_val = solusi_matriks[1, 2]

print(f"\nKesimpulan:")
print(f"Nilai x = {x_val}")
print(f"Nilai y = {y_val}")
print(f"Solusi ini sesuai dengan titik potong pada grafik GeoGebra: ({x_val}, {y_val})")
------------------


[31m---------------------------------------------------------------------------[39m
[31mModuleNotFoundError[39m                       Traceback (most recent call last)
[36mCell[39m[36m [39m[32mIn[2][39m[32m, line 1[39m
[32m----> [39m[32m1[39m [38;5;28;01mimport[39;00m[38;5;250m [39m[34;01msympy[39;00m[38;5;250m [39m[38;5;28;01mas[39;00m[38;5;250m [39m[34;01msp[39;00m
[32m      2[39m [38;5;66;03m# Matriks = [[5, 1, 3], [2, -1, 4]][39;00m
[32m      3[39m A = sp.Matrix([[[32m5[39m, [32m1[39m, [32m3[39m],
[32m      4[39m               [[32m2[39m, -[32m1[39m, [32m4[39m]])

[31mModuleNotFoundError[39m: No module named 'sympy'

